TN:
SF:C:/Users/julio.gomez/Documents/ProyectoParqueadero/UIParqueadero/PruebaKarma/testKarma/src/polyfills.ts
FNF:0
FNH:0
DA:46,1
DA:60,1
LF:2
LH:2
BRF:0
BRH:0
end_of_record
TN:
SF:C:/Users/julio.gomez/Documents/ProyectoParqueadero/UIParqueadero/PruebaKarma/testKarma/src/test.ts
FN:20,(anonymous_0)
FNF:1
FNH:1
FNDA:1,(anonymous_0)
DA:3,1
DA:4,1
DA:5,1
DA:6,1
DA:7,1
DA:8,1
DA:9,1
DA:10,1
DA:20,1
DA:23,1
DA:28,1
DA:30,1
DA:32,1
LF:13
LH:13
BRF:0
BRH:0
end_of_record
TN:
SF:C:/Users/julio.gomez/Documents/ProyectoParqueadero/UIParqueadero/PruebaKarma/testKarma/src/app/app.component.ts
FN:9,(anonymous_1)
FN:3,AppComponent
FNF:2
FNH:2
FNDA:1,(anonymous_1)
FNDA:1,AppComponent
DA:1,1
DA:9,1
DA:10,1
DA:11,1
DA:13,1
LF:5
LH:5
BRF:0
BRH:0
end_of_record
TN:
SF:C:/Users/julio.gomez/Documents/ProyectoParqueadero/UIParqueadero/PruebaKarma/testKarma/src/app/Services/DatosServices.service.ts
FN:5,(anonymous_1)
FN:4,DatosServices
FN:14,(anonymous_3)
FN:17,(anonymous_4)
FNF:4
FNH:3
FNDA:1,(anonymous_1)
FNDA:1,DatosServices
FNDA:0,(anonymous_3)
FNDA:1,(anonymous_4)
DA:1,1
DA:5,1
DA:7,1
DA:14,1
DA:15,0
DA:17,1
DA:18,1
DA:21,1
LF:8
LH:7
BRF:0
BRH:0
end_of_record
TN:
SF:C:/Users/julio.gomez/Documents/ProyectoParqueadero/UIParqueadero/PruebaKarma/testKarma/src/app/sample/sample.component.ts
FN:8,(anonymous_2)
FN:10,SampleComponent
FN:12,(anonymous_4)
FNF:3
FNH:3
FNDA:1,(anonymous_2)
FNDA:1,SampleComponent
FNDA:1,(anonymous_4)
DA:1,1
DA:8,1
DA:9,1
DA:12,1
DA:15,1
LF:5
LH:5
BRF:0
BRH:0
end_of_record
